<?xml version="1.0" ?>
<coverage version="7.6.12" timestamp="1748339452606" lines-valid="32" lines-covered="13" line-rate="0.4062" branches-valid="10" branches-covered="1" branch-rate="0.1" complexity="0">
	<!-- Generated by coverage.py: https://coverage.readthedocs.io/en/7.6.12 -->
	<!-- Based on https://raw.githubusercontent.com/cobertura/web/master/htdocs/xml/coverage-04.dtd -->
	<sources>
		<source>/home/romaing/dev/openrelik/openrelik-src/openrelik-worker-entropy</source>
	</sources>
	<packages>
		<package name="src" line-rate="0.4062" branch-rate="0.1" complexity="0">
			<classes>
				<class name="__init__.py" filename="src/__init__.py" complexity="0" line-rate="1" branch-rate="1">
					<methods/>
					<lines/>
				</class>
				<class name="app.py" filename="src/app.py" complexity="0" line-rate="0.8889" branch-rate="0.5">
					<methods/>
					<lines>
						<line number="1" hits="1"/>
						<line number="3" hits="1"/>
						<line number="4" hits="1"/>
						<line number="6" hits="1"/>
						<line number="8" hits="1" branch="true" condition-coverage="50% (1/2)" missing-branches="9"/>
						<line number="9" hits="0"/>
						<line number="11" hits="1"/>
						<line number="12" hits="1"/>
						<line number="13" hits="1"/>
					</lines>
				</class>
				<class name="tasks.py" filename="src/tasks.py" complexity="0" line-rate="0.2174" branch-rate="0">
					<methods/>
					<lines>
						<line number="1" hits="1"/>
						<line number="3" hits="1"/>
						<line number="5" hits="1"/>
						<line number="6" hits="1"/>
						<line number="8" hits="1"/>
						<line number="11" hits="0"/>
						<line number="14" hits="0"/>
						<line number="23" hits="0"/>
						<line number="24" hits="0"/>
						<line number="25" hits="0" branch="true" condition-coverage="0% (0/2)" missing-branches="26,27"/>
						<line number="26" hits="0"/>
						<line number="27" hits="0" branch="true" condition-coverage="0% (0/2)" missing-branches="28,31"/>
						<line number="28" hits="0"/>
						<line number="29" hits="0" branch="true" condition-coverage="0% (0/2)" missing-branches="27,30"/>
						<line number="30" hits="0"/>
						<line number="31" hits="0"/>
						<line number="34" hits="0"/>
						<line number="35" hits="0"/>
						<line number="55" hits="0"/>
						<line number="57" hits="0" branch="true" condition-coverage="0% (0/2)" missing-branches="59,63"/>
						<line number="59" hits="0"/>
						<line number="60" hits="0"/>
						<line number="63" hits="0"/>
					</lines>
				</class>
			</classes>
		</package>
	</packages>
</coverage>
